<?xml version="1.0" encoding="UTF-8"?>
<testng-results ignored="0" total="1" passed="1" failed="0" skipped="0">
  <reporter-output>
  </reporter-output>
  <suite started-at="2022-02-22T10:46:15 IST" name="Default suite" finished-at="2022-02-22T10:46:52 IST" duration-ms="36968">
    <groups>
    </groups>
    <test started-at="2022-02-22T10:46:15 IST" name="Default test" finished-at="2022-02-22T10:46:52 IST" duration-ms="36968">
      <class name="tests.TC_04AddContactDetails">
        <test-method is-config="true" signature="BeforeSuite()[pri:0, instance:tests.TC_04AddContactDetails@12aba8be]" started-at="2022-02-22T10:46:14 IST" name="BeforeSuite" finished-at="2022-02-22T10:46:15 IST" duration-ms="877" status="PASS">
          <reporter-output>
          </reporter-output>
        </test-method> <!-- BeforeSuite -->
        <test-method is-config="true" signature="launchBrowser(java.lang.reflect.Method)[pri:0, instance:tests.TC_04AddContactDetails@12aba8be]" started-at="2022-02-22T10:46:15 IST" name="launchBrowser" finished-at="2022-02-22T10:46:22 IST" duration-ms="6758" status="PASS">
          <params>
            <param index="0">
              <value>
                <![CDATA[public void tests.TC_04AddContactDetails.TC_01_VerifyLoginPage() throws java.lang.InterruptedException]]>
              </value>
            </param>
          </params>
          <reporter-output>
          </reporter-output>
        </test-method> <!-- launchBrowser -->
        <test-method signature="TC_01_VerifyLoginPage()[pri:0, instance:tests.TC_04AddContactDetails@12aba8be]" started-at="2022-02-22T10:46:22 IST" name="TC_01_VerifyLoginPage" finished-at="2022-02-22T10:46:52 IST" duration-ms="29891" status="PASS">
          <reporter-output>
          </reporter-output>
        </test-method> <!-- TC_01_VerifyLoginPage -->
        <test-method is-config="true" signature="closeBrowser()[pri:0, instance:tests.TC_04AddContactDetails@12aba8be]" started-at="2022-02-22T10:46:52 IST" name="closeBrowser" finished-at="2022-02-22T10:46:52 IST" duration-ms="220" status="PASS">
          <reporter-output>
          </reporter-output>
        </test-method> <!-- closeBrowser -->
        <test-method is-config="true" signature="toEnd()[pri:0, instance:tests.TC_04AddContactDetails@12aba8be]" started-at="2022-02-22T10:46:53 IST" name="toEnd" finished-at="2022-02-22T10:46:56 IST" duration-ms="3051" status="FAIL">
          <exception class="java.lang.IllegalStateException">
            <message>
              <![CDATA[The path to the driver executable must be set by the webdriver.gecko.driver system property; for more information, see https://github.com/mozilla/geckodriver. The latest version can be downloaded from https://github.com/mozilla/geckodriver/releases]]>
            </message>
            <full-stacktrace>
              <![CDATA[java.lang.IllegalStateException: The path to the driver executable must be set by the webdriver.gecko.driver system property; for more information, see https://github.com/mozilla/geckodriver. The latest version can be downloaded from https://github.com/mozilla/geckodriver/releases
at com.google.common.base.Preconditions.checkState(Preconditions.java:847)
at org.openqa.selenium.remote.service.DriverService.findExecutable(DriverService.java:134)
at org.openqa.selenium.firefox.GeckoDriverService.access$100(GeckoDriverService.java:44)
at org.openqa.selenium.firefox.GeckoDriverService$Builder.findDefaultExecutable(GeckoDriverService.java:167)
at org.openqa.selenium.remote.service.DriverService$Builder.build(DriverService.java:355)
at org.openqa.selenium.firefox.FirefoxDriver.toExecutor(FirefoxDriver.java:190)
at org.openqa.selenium.firefox.FirefoxDriver.<init>(FirefoxDriver.java:147)
at org.openqa.selenium.firefox.FirefoxDriver.<init>(FirefoxDriver.java:125)
at baseClass.DriverClass.toEnd(DriverClass.java:83)
at java.base/jdk.internal.reflect.NativeMethodAccessorImpl.invoke0(Native Method)
at java.base/jdk.internal.reflect.NativeMethodAccessorImpl.invoke(NativeMethodAccessorImpl.java:62)
at java.base/jdk.internal.reflect.DelegatingMethodAccessorImpl.invoke(DelegatingMethodAccessorImpl.java:43)
at java.base/java.lang.reflect.Method.invoke(Method.java:566)
at org.testng.internal.MethodInvocationHelper.invokeMethod(MethodInvocationHelper.java:133)
at org.testng.internal.MethodInvocationHelper.invokeMethodConsideringTimeout(MethodInvocationHelper.java:62)
at org.testng.internal.ConfigInvoker.invokeConfigurationMethod(ConfigInvoker.java:385)
at org.testng.internal.ConfigInvoker.invokeConfigurations(ConfigInvoker.java:321)
at org.testng.SuiteRunner.privateRun(SuiteRunner.java:344)
at org.testng.SuiteRunner.run(SuiteRunner.java:276)
at org.testng.SuiteRunnerWorker.runSuite(SuiteRunnerWorker.java:53)
at org.testng.SuiteRunnerWorker.run(SuiteRunnerWorker.java:96)
at org.testng.TestNG.runSuitesSequentially(TestNG.java:1212)
at org.testng.TestNG.runSuitesLocally(TestNG.java:1134)
at org.testng.TestNG.runSuites(TestNG.java:1063)
at org.testng.TestNG.run(TestNG.java:1031)
at org.testng.remote.AbstractRemoteTestNG.run(AbstractRemoteTestNG.java:115)
at org.testng.remote.RemoteTestNG.initAndRun(RemoteTestNG.java:251)
at org.testng.remote.RemoteTestNG.main(RemoteTestNG.java:77)
]]>
            </full-stacktrace>
          </exception> <!-- java.lang.IllegalStateException -->
          <reporter-output>
          </reporter-output>
        </test-method> <!-- toEnd -->
      </class> <!-- tests.TC_04AddContactDetails -->
    </test> <!-- Default test -->
  </suite> <!-- Default suite -->
</testng-results>
